<?xml version="1.0" encoding="UTF-8"?>
<!-- Generated by org.testng.reporters.JUnitReportReporter -->
<testsuite hostname="Harsh" failures="0" tests="1" name="screens.Calculator" time="136.466" errors="0" timestamp="2024-08-14T18:39:27 IST" skipped="0">
  <testcase classname="screens.Calculator" name="test" time="136.466"/>
</testsuite> <!-- screens.Calculator -->
