<?xml version="1.0" encoding="UTF-8"?>
<!-- Generated by org.testng.reporters.JUnitReportReporter -->
<testsuite hostname="Harsh" failures="0" tests="3" name="screens.HomePage" time="226.352" errors="0" timestamp="2024-08-08T19:53:57 IST" skipped="0">
  <testcase classname="screens.HomePage" name="a1homepageopen" time="4.076"/>
  <testcase classname="screens.HomePage" name="a3headeroptionsclick" time="221.737"/>
  <testcase classname="screens.HomePage" name="a2logocheck" time="0.539"/>
</testsuite> <!-- screens.HomePage -->
