<?xml version="1.0" encoding="UTF-8"?>
<!-- Generated by org.testng.reporters.JUnitReportReporter -->
<testsuite hostname="Harsh" failures="0" tests="7" name="screens.Hybri" time="18.279" errors="0" timestamp="2024-08-10T12:36:51 IST" skipped="0">
  <testcase classname="screens.Hybri" name="test" time="2.128"/>
  <testcase classname="screens.Hybri" name="test" time="4.393"/>
  <testcase classname="screens.Hybri" name="test" time="2.152"/>
  <testcase classname="screens.Hybri" name="test" time="2.164"/>
  <testcase classname="screens.Hybri" name="test" time="2.139"/>
  <testcase classname="screens.Hybri" name="test" time="1.536"/>
  <testcase classname="screens.Hybri" name="test" time="3.767"/>
</testsuite> <!-- screens.Hybri -->
