<?xml version="1.0" encoding="UTF-8"?>
<!-- Generated by org.testng.reporters.JUnitReportReporter -->
<testsuite hostname="Harsh" failures="0" tests="2" name="Testnextng.Group" time="0.020" errors="0" timestamp="2024-08-07T20:57:57 IST" skipped="0">
  <testcase classname="Testnextng.Group" name="test2" time="0.009"/>
  <testcase classname="Testnextng.Group" name="test1" time="0.011"/>
</testsuite> <!-- Testnextng.Group -->
