<?xml version="1.0" encoding="UTF-8"?>
<!-- Generated by org.testng.reporters.JUnitReportReporter -->
<testsuite hostname="Harsh" failures="0" tests="3" name="Testnextng.Parameterised_login_multi" time="9.986" errors="0" timestamp="2024-08-07T19:47:51 IST" skipped="0">
  <testcase classname="Testnextng.Parameterised_login_multi" name="logintest" time="3.329"/>
  <testcase classname="Testnextng.Parameterised_login_multi" name="logintest" time="3.281"/>
  <testcase classname="Testnextng.Parameterised_login_multi" name="logintest" time="3.376"/>
</testsuite> <!-- Testnextng.Parameterised_login_multi -->
