<?xml version="1.0" encoding="UTF-8"?>
<!-- Generated by org.testng.reporters.JUnitReportReporter -->
<testsuite hostname="Harsh" failures="0" tests="1" name="Testnextng.LoginTest" time="3.947" errors="0" timestamp="2024-08-07T20:58:13 IST" skipped="0">
  <testcase classname="Testnextng.LoginTest" name="login" time="3.947"/>
</testsuite> <!-- Testnextng.LoginTest -->
