<?xml version="1.0" encoding="UTF-8"?>
<!-- Generated by org.testng.reporters.JUnitReportReporter -->
<testsuite hostname="Harsh" failures="0" tests="4" name="Testnextng.Newst1" time="0.008" errors="0" timestamp="2024-08-05T20:28:23 IST" skipped="1">
  <testcase classname="Testnextng.Newst1" name="login" time="0.006"/>
  <testcase classname="Testnextng.Newst1" name="home" time="0.001"/>
  <testcase classname="Testnextng.Newst1" name="test1" time="0.001"/>
  <testcase classname="Testnextng.Newst1" name="alpha">
    <skipped/>
  </testcase> <!-- alpha -->
</testsuite> <!-- Testnextng.Newst1 -->
