<?xml version="1.0" encoding="UTF-8"?>
<!-- Generated by org.testng.reporters.JUnitReportReporter -->
<testsuite hostname="Harsh" failures="0" tests="1" name="Testnextng.Gmail" time="3.981" errors="0" timestamp="2024-08-07T20:24:00 IST" skipped="0">
  <testcase classname="Testnextng.Gmail" name="testFacebookLogin" time="3.981"/>
</testsuite> <!-- Testnextng.Gmail -->
